This file contains any messages produced by compilers while
running configure, to aid debugging if configure makes a mistake.

It was created by configure, which was
generated by GNU Autoconf 2.59.  Invocation command line was

  $ ./configure --with-problem=kelvin --with-gas=hydro --with-eos=adiabatic --with-flux=roe

## --------- ##
## Platform. ##
## --------- ##

hostname = MacBook-Air.local
uname -m = x86_64
uname -r = 15.3.0
uname -s = Darwin
uname -v = Darwin Kernel Version 15.3.0: Thu Dec 10 18:40:58 PST 2015; root:xnu-3248.30.4~1/RELEASE_X86_64

/usr/bin/uname -p = i386
/bin/uname -X     = unknown

/bin/arch              = unknown
/usr/bin/arch -k       = unknown
/usr/convex/getsysinfo = unknown
hostinfo               = Mach kernel version:
	 Darwin Kernel Version 15.3.0: Thu Dec 10 18:40:58 PST 2015; root:xnu-3248.30.4~1/RELEASE_X86_64
Kernel configured for up to 4 processors.
2 processors are physically available.
4 processors are logically available.
Processor type: i486 (Intel 80486)
Processors active: 0 1 2 3
Primary memory available: 8.00 gigabytes
Default processor set: 276 tasks, 1181 threads, 4 processors
Load average: 1.78, Mach factor: 2.21
/bin/machine           = unknown
/usr/bin/oslevel       = unknown
/bin/universe          = unknown

PATH: /usr/local/bin
PATH: /usr/bin
PATH: /bin
PATH: /usr/sbin
PATH: /sbin


## ----------- ##
## Core tests. ##
## ----------- ##

configure:1331: checking for gcc
configure:1347: found /usr/bin/gcc
configure:1357: result: gcc
configure:1601: checking for C compiler version
configure:1604: gcc --version </dev/null >&5
Configured with: --prefix=/Library/Developer/CommandLineTools/usr --with-gxx-include-dir=/usr/include/c++/4.2.1
Apple LLVM version 7.0.2 (clang-700.1.81)
Target: x86_64-apple-darwin15.3.0
Thread model: posix
configure:1607: $? = 0
configure:1609: gcc -v </dev/null >&5
Configured with: --prefix=/Library/Developer/CommandLineTools/usr --with-gxx-include-dir=/usr/include/c++/4.2.1
Apple LLVM version 7.0.2 (clang-700.1.81)
Target: x86_64-apple-darwin15.3.0
Thread model: posix
configure:1612: $? = 0
configure:1614: gcc -V </dev/null >&5
clang: error: argument to '-V' is missing (expected 1 value)
clang: error: no input files
configure:1617: $? = 1
configure:1640: checking for C compiler default output file name
configure:1643: gcc    conftest.c  >&5
configure:1646: $? = 0
configure:1692: result: a.out
configure:1697: checking whether the C compiler works
configure:1703: ./a.out
configure:1706: $? = 0
configure:1723: result: yes
configure:1730: checking whether we are cross compiling
configure:1732: result: no
configure:1735: checking for suffix of executables
configure:1737: gcc -o conftest    conftest.c  >&5
configure:1740: $? = 0
configure:1765: result: 
configure:1771: checking for suffix of object files
configure:1792: gcc -c   conftest.c >&5
configure:1795: $? = 0
configure:1817: result: o
configure:1821: checking whether we are using the GNU C compiler
configure:1845: gcc -c   conftest.c >&5
configure:1851: $? = 0
configure:1855: test -z 
			 || test ! -s conftest.err
configure:1858: $? = 0
configure:1861: test -s conftest.o
configure:1864: $? = 0
configure:1877: result: yes
configure:1883: checking whether gcc accepts -g
configure:1904: gcc -c -g  conftest.c >&5
configure:1910: $? = 0
configure:1914: test -z 
			 || test ! -s conftest.err
configure:1917: $? = 0
configure:1920: test -s conftest.o
configure:1923: $? = 0
configure:1934: result: yes
configure:1951: checking for gcc option to accept ANSI C
configure:2021: gcc  -c -g -O2  conftest.c >&5
configure:2027: $? = 0
configure:2031: test -z 
			 || test ! -s conftest.err
configure:2034: $? = 0
configure:2037: test -s conftest.o
configure:2040: $? = 0
configure:2058: result: none needed
configure:2076: gcc -c -g -O2  conftest.c >&5
conftest.c:2:3: error: unknown type name 'choke'
  choke me
  ^
conftest.c:2:11: error: expected ';' after top level declarator
  choke me
          ^
          ;
2 errors generated.
configure:2082: $? = 1
configure: failed program was:
| #ifndef __cplusplus
|   choke me
| #endif
configure:2253: checking for a BSD-compatible install
configure:2308: result: /usr/bin/install -c
configure:2981: checking how to run the C preprocessor
configure:3016: gcc -E  conftest.c
configure:3022: $? = 0
configure:3054: gcc -E  conftest.c
conftest.c:9:10: fatal error: 'ac_nonexistent.h' file not found
#include <ac_nonexistent.h>
         ^
1 error generated.
configure:3060: $? = 1
configure: failed program was:
| /* confdefs.h.  */
| 
| #define PACKAGE_NAME ""
| #define PACKAGE_TARNAME ""
| #define PACKAGE_VERSION ""
| #define PACKAGE_STRING ""
| #define PACKAGE_BUGREPORT ""
| /* end confdefs.h.  */
| #include <ac_nonexistent.h>
configure:3099: result: gcc -E
configure:3123: gcc -E  conftest.c
configure:3129: $? = 0
configure:3161: gcc -E  conftest.c
conftest.c:9:10: fatal error: 'ac_nonexistent.h' file not found
#include <ac_nonexistent.h>
         ^
1 error generated.
configure:3167: $? = 1
configure: failed program was:
| /* confdefs.h.  */
| 
| #define PACKAGE_NAME ""
| #define PACKAGE_TARNAME ""
| #define PACKAGE_VERSION ""
| #define PACKAGE_STRING ""
| #define PACKAGE_BUGREPORT ""
| /* end confdefs.h.  */
| #include <ac_nonexistent.h>
configure:3211: checking for egrep
configure:3221: result: grep -E
configure:3227: checking whether gcc needs -traditional
conftest.c:9:10: fatal error: 'termio.h' file not found
#include <termio.h>
         ^
1 error generated.
configure:3269: result: no
configure:3280: checking for strdup
configure:3337: gcc -o conftest -g -O2   conftest.c  >&5
conftest.c:33:6: warning: incompatible redeclaration of library function 'strdup' [-Wincompatible-library-redeclaration]
char strdup ();
     ^
conftest.c:33:6: note: 'strdup' is a builtin with type 'char *(const char *)'
1 warning generated.
configure:3343: $? = 0
configure:3347: test -z 
			 || test ! -s conftest.err
configure:3350: $? = 0
configure:3353: test -s conftest
configure:3356: $? = 0
configure:3368: result: yes
configure:3378: checking whether byte ordering is bigendian
configure:3405: gcc -c -g -O2  conftest.c >&5
configure:3411: $? = 0
configure:3415: test -z 
			 || test ! -s conftest.err
configure:3418: $? = 0
configure:3421: test -s conftest.o
configure:3424: $? = 0
configure:3448: gcc -c -g -O2  conftest.c >&5
conftest.c:17:2: error: use of undeclared identifier 'not'
 not big endian
 ^
1 error generated.
configure:3454: $? = 1
configure: failed program was:
| /* confdefs.h.  */
| 
| #define PACKAGE_NAME ""
| #define PACKAGE_TARNAME ""
| #define PACKAGE_VERSION ""
| #define PACKAGE_STRING ""
| #define PACKAGE_BUGREPORT ""
| #define HAVE_STRDUP 1
| /* end confdefs.h.  */
| #include <sys/types.h>
| #include <sys/param.h>
| 
| int
| main ()
| {
| #if BYTE_ORDER != BIG_ENDIAN
|  not big endian
| #endif
| 
|   ;
|   return 0;
| }
configure:3589: result: no
configure:3720: creating ./config.status

## ---------------------- ##
## Running config.status. ##
## ---------------------- ##

This file was extended by config.status, which was
generated by GNU Autoconf 2.59.  Invocation command line was

  CONFIG_FILES    = 
  CONFIG_HEADERS  = 
  CONFIG_LINKS    = 
  CONFIG_COMMANDS = 
  $ ./config.status 

on MacBook-Air.local

config.status:693: creating Makefile
config.status:693: creating Makeoptions
config.status:693: creating src/Makefile
config.status:693: creating src/defs.h
config.status:693: creating src/fftsrc/Makefile
config.status:693: creating src/gravity/Makefile
config.status:693: creating src/integrators/Makefile
config.status:693: creating src/microphysics/Makefile
config.status:693: creating src/reconstruction/Makefile
config.status:693: creating src/rsolvers/Makefile
config.status:693: creating src/particles/Makefile
config.status:797: creating src/config.h
config.status:881: src/config.h is unchanged

## ---------------- ##
## Cache variables. ##
## ---------------- ##

ac_cv_c_bigendian=no
ac_cv_c_compiler_gnu=yes
ac_cv_env_CC_set=
ac_cv_env_CC_value=
ac_cv_env_CFLAGS_set=
ac_cv_env_CFLAGS_value=
ac_cv_env_CPPFLAGS_set=
ac_cv_env_CPPFLAGS_value=
ac_cv_env_CPP_set=
ac_cv_env_CPP_value=
ac_cv_env_LDFLAGS_set=
ac_cv_env_LDFLAGS_value=
ac_cv_env_build_alias_set=
ac_cv_env_build_alias_value=
ac_cv_env_host_alias_set=
ac_cv_env_host_alias_value=
ac_cv_env_target_alias_set=
ac_cv_env_target_alias_value=
ac_cv_exeext=
ac_cv_func_strdup=yes
ac_cv_objext=o
ac_cv_path_install='/usr/bin/install -c'
ac_cv_prog_CPP='gcc -E'
ac_cv_prog_ac_ct_CC=gcc
ac_cv_prog_cc_g=yes
ac_cv_prog_cc_stdc=
ac_cv_prog_egrep='grep -E'
ac_cv_prog_gcc_traditional=no

## ----------------- ##
## Output variables. ##
## ----------------- ##

ACCURACY='SECOND_ORDER_CHAR'
A_CONFIGURE_DATE='Sat Feb  6 18:12:04 CET 2016'
CC='gcc'
CFLAGS='-g -O2'
COMPILER_OPTS='-O3'
CONDUCTION_MODE='NO_THERMAL_CONDUCTION'
COORD='CARTESIAN'
CPP='gcc -E'
CPPFLAGS=''
DEBUG_MODE='OPTIMIZE'
DEFS='-DHAVE_CONFIG_H'
ECHO_C='ECHO_N=''
ECHO_T=''
EGREP='grep -E'
EOS='ADIABATIC'
EXEEXT=''
FARGO_MODE='NO_FARGO'
FEEDBACK_DEFINE='NO_FEEDBACK'
FFT_MODE='NO_FFT'
FLUX_DEF='ROE_FLUX'
FLUX_NAME='roe'
FOFC_MODE='NO_FIRST_ORDER_FLUX_CORRECTION'
GAS='HYDRO'
HLL_ALL_WAVE_MODE='NOT_HLL_ALL_WAVE'
H_CORRECTION_MODE='NO_H_CORRECTION'
INSTALL_DATA='${INSTALL} -m 644'
INSTALL_PROGRAM='${INSTALL}'
INSTALL_SCRIPT='${INSTALL}'
INTEGRATOR='ctu'
INTEGRATOR_DEF='CTU_INTEGRATOR'
LDFLAGS=''
LIBOBJS=''
LIBS=''
LTLIBOBJS=''
MESH_REFINEMENT='NO_MESH_REFINEMENT'
MPI_MODE='NO_MPI_PARALLEL'
NSCALARS='0'
OBJEXT='o'
ORDER='2'
PACKAGE_BUGREPORT=''
PACKAGE_NAME=''
PACKAGE_STRING=''
PACKAGE_TARNAME=''
PACKAGE_VERSION=''
PARTICLES_ALGORITHM='NO_PARTICLES'
PATH_SEPARATOR=':'
PRECISION='DOUBLE_PREC'
PROBLEM='kelvin'
RESISTIVITY_MODE='NO_RESISTIVITY'
SELF_GRAVITY_ALGORITHM='SELF_GRAVITY_NONE'
SELF_GRAVITY_DEFINE='NO_SELF_GRAVITY'
SHEARING_BOX_MODE='NO_SHEARING_BOX'
SHELL='/bin/sh'
SPECIAL_RELATIVITY_MODE='NEWTONIAN'
VISCOSITY_MODE='NO_VISCOSITY'
WARNING1='WARNING! This file has been automatically generated by configure.'
WARNING2='Any changes to it will be overwritten the next time configure is run.'
WRITE_GHOST_MODE='NO_WRITE_GHOST_CELLS'
ac_ct_CC='gcc'
bindir='${exec_prefix}/bin'
build_alias=''
datadir='${prefix}/share'
exec_prefix='${prefix}'
host_alias=''
includedir='${prefix}/include'
infodir='${prefix}/info'
libdir='${exec_prefix}/lib'
libexecdir='${exec_prefix}/libexec'
localstatedir='${prefix}/var'
mandir='${prefix}/man'
oldincludedir='/usr/include'
prefix='/usr/local'
program_transform_name='s,x,x,'
sbindir='${exec_prefix}/sbin'
sharedstatedir='${prefix}/com'
sysconfdir='${prefix}/etc'
target_alias=''

## ----------- ##
## confdefs.h. ##
## ----------- ##

#define HAVE_STRDUP 1
#define PACKAGE_BUGREPORT ""
#define PACKAGE_NAME ""
#define PACKAGE_STRING ""
#define PACKAGE_TARNAME ""
#define PACKAGE_VERSION ""

configure: exit 0
